ls: cannot access 'models-*': No such file or directory

108
ls: cannot access 'models-*': No such file or directory

ls: cannot access 'models-*': No such file or directory

ls: cannot access 'models-*': No such file or directory

ls: cannot access 'models-*': No such file or directory

ls: cannot access 'models-*': No such file or directory

55
68
ls: cannot access 'models-*': No such file or directory

ls: cannot access 'models-*': No such file or directory

ls: cannot access 'models-*': No such file or directory

ls: cannot access 'models-*': No such file or directory

ls: cannot access 'models-*': No such file or directory

ls: cannot access 'models-*': No such file or directory

20
ls: cannot access 'models-*': No such file or directory

12
12
12
12
12
12
ls: cannot access 'models-*': No such file or directory

127
ls: cannot access 'models-*': No such file or directory

ls: cannot access 'models-*': No such file or directory

ls: cannot access 'models-*': No such file or directory

205
ls: cannot access 'models-*': No such file or directory

ls: cannot access 'models-*': No such file or directory

ls: cannot access 'models-*': No such file or directory

ls: cannot access 'models-*': No such file or directory

ls: cannot access 'models-*': No such file or directory

ls: cannot access 'models-*': No such file or directory

233
50
50 56
ls: cannot access 'models-*': No such file or directory

455
ls: cannot access 'models-*': No such file or directory

127
ls: cannot access 'models-*': No such file or directory

ls: cannot access 'models-*': No such file or directory

ls: cannot access 'models-*': No such file or directory

ls: cannot access 'models-*': No such file or directory

ls: cannot access 'models-*': No such file or directory

ls: cannot access 'models-*': No such file or directory

ls: cannot access 'models-*': No such file or directory

ls: cannot access 'models-*': No such file or directory

ls: cannot access 'models-*': No such file or directory

ls: cannot access 'models-*': No such file or directory

ls: cannot access 'models-*': No such file or directory

ls: cannot access 'models-*': No such file or directory

ls: cannot access 'models-*': No such file or directory

ls: cannot access 'models-*': No such file or directory

96
196
115
137
94
257
ls: cannot access 'models-*': No such file or directory

133
ls: cannot access 'models-*': No such file or directory

ls: cannot access 'models-*': No such file or directory

ls: cannot access 'models-*': No such file or directory

ls: cannot access 'models-*': No such file or directory

199
160
139 160
ls: cannot access 'models-*': No such file or directory

ls: cannot access 'models-*': No such file or directory

212
174
ls: cannot access 'models-*': No such file or directory

ls: cannot access 'models-*': No such file or directory

ls: cannot access 'models-*': No such file or directory

ls: cannot access 'models-*': No such file or directory

209
122
ls: cannot access 'models-*': No such file or directory

211
209
209 283
163 209 283
163 209 214 283
ls: cannot access 'models-*': No such file or directory

ls: cannot access 'models-*': No such file or directory

ls: cannot access 'models-*': No such file or directory

ls: cannot access 'models-*': No such file or directory

ls: cannot access 'models-*': No such file or directory

ls: cannot access 'models-*': No such file or directory

ls: cannot access 'models-*': No such file or directory

ls: cannot access 'models-*': No such file or directory

ls: cannot access 'models-*': No such file or directory

ls: cannot access 'models-*': No such file or directory

ls: cannot access 'models-*': No such file or directory

ls: cannot access 'models-*': No such file or directory

ls: cannot access 'models-*': No such file or directory

ls: cannot access 'models-*': No such file or directory

ls: cannot access 'models-*': No such file or directory

ls: cannot access 'models-*': No such file or directory

ls: cannot access 'models-*': No such file or directory

213
ls: cannot access 'models-*': No such file or directory

ls: cannot access 'models-*': No such file or directory

ls: cannot access 'models-*': No such file or directory

ls: cannot access 'models-*': No such file or directory

ls: cannot access 'models-*': No such file or directory

ls: cannot access 'models-*': No such file or directory

ls: cannot access 'models-*': No such file or directory

ls: cannot access 'models-*': No such file or directory

ls: cannot access 'models-*': No such file or directory

ls: cannot access 'models-*': No such file or directory

ls: cannot access 'models-*': No such file or directory

ls: cannot access 'models-*': No such file or directory

ls: cannot access 'models-*': No such file or directory

ls: cannot access 'models-*': No such file or directory

ls: cannot access 'models-*': No such file or directory

ls: cannot access 'models-*': No such file or directory

ls: cannot access 'models-*': No such file or directory

ls: cannot access 'models-*': No such file or directory

ls: cannot access 'models-*': No such file or directory

ls: cannot access 'models-*': No such file or directory

ls: cannot access 'models-*': No such file or directory

243
186
ls: cannot access 'models-*': No such file or directory

ls: cannot access 'models-*': No such file or directory

174
285
189
289
204
ls: cannot access 'models-*': No such file or directory

ls: cannot access 'models-*': No such file or directory

32
ls: cannot access 'models-*': No such file or directory

ls: cannot access 'models-*': No such file or directory

ls: cannot access 'models-*': No such file or directory

ls: cannot access 'models-*': No such file or directory

222
331
219
ls: cannot access 'models-*': No such file or directory

ls: cannot access 'models-*': No such file or directory

3
3
239
96
312
ls: cannot access 'models-*': No such file or directory

ls: cannot access 'models-*': No such file or directory

ls: cannot access 'models-*': No such file or directory

196
ls: cannot access 'models-*': No such file or directory

ls: cannot access 'models-*': No such file or directory

242
ls: cannot access 'models-*': No such file or directory

ls: cannot access 'models-*': No such file or directory

ls: cannot access 'models-*': No such file or directory

ls: cannot access 'models-*': No such file or directory

ls: cannot access 'models-*': No such file or directory

125
ls: cannot access 'models-*': No such file or directory

196
ls: cannot access 'models-*': No such file or directory

342
ls: cannot access 'models-*': No such file or directory

ls: cannot access 'models-*': No such file or directory

ls: cannot access 'models-*': No such file or directory

ls: cannot access 'models-*': No such file or directory

151
312
ls: cannot access 'models-*': No such file or directory

ls: cannot access 'models-*': No such file or directory

ls: cannot access 'models-*': No such file or directory

152
368
ls: cannot access 'models-*': No such file or directory

ls: cannot access 'models-*': No such file or directory

2 3
72
180 72
ls: cannot access 'models-*': No such file or directory

ls: cannot access 'models-*': No such file or directory

233
ls: cannot access 'models-*': No such file or directory

ls: cannot access 'models-*': No such file or directory

ls: cannot access 'models-*': No such file or directory

ls: cannot access 'models-*': No such file or directory

138
ls: cannot access 'models-*': No such file or directory

ls: cannot access 'models-*': No such file or directory

ls: cannot access 'models-*': No such file or directory

ls: cannot access 'models-*': No such file or directory

ls: cannot access 'models-*': No such file or directory

21
97
65
20
307
ls: cannot access 'models-*': No such file or directory

ls: cannot access 'models-*': No such file or directory

ls: cannot access 'models-*': No such file or directory

218
ls: cannot access 'models-*': No such file or directory

165
22
6
288
